<?xml version="1.0" encoding="UTF-8"?>
<!-- Generated by org.testng.reporters.JUnitReportReporter -->
<testsuite hostname="TOSHIBA-PC" failures="0" tests="7" name="test.TestClass123" time="-1644696576.000" errors="1" timestamp="2022-02-13T01:39:57 IST" skipped="3">
  <testcase classname="test.TestClass123" name="testA" time="0.000">
    <skipped/>
  </testcase> <!-- testA -->
  <system-out/>
  <testcase classname="test.TestClass123" name="testA" time="0.010"/>
  <system-out/>
  <testcase classname="test.TestClass123" name="testC" time="0.004"/>
  <system-out/>
  <testcase classname="test.TestClass123" name="beforeTest" time="-1644696576.000">
    <error message="
Parameter &#039;testData&#039; is required by BeforeTest on method beforeTest but has not been marked @Optional or defined
in C:\Users\TOSHIBA\eclipse-workspace\ActiTimeWebApplication\regressionsuite.xml" type="org.testng.TestNGException">
      <![CDATA[org.testng.TestNGException: 
Parameter 'testData' is required by BeforeTest on method beforeTest but has not been marked @Optional or defined
in C:\Users\TOSHIBA\eclipse-workspace\ActiTimeWebApplication\regressionsuite.xml
at org.testng.internal.Parameters.createParams(Parameters.java:270)
at org.testng.internal.Parameters.createParametersForMethod(Parameters.java:358)
at org.testng.internal.Parameters.createParameters(Parameters.java:700)
at org.testng.internal.Parameters.createConfigurationParameters(Parameters.java:168)
at org.testng.internal.ConfigInvoker.invokeConfigurations(ConfigInvoker.java:302)
at org.testng.TestRunner.invokeTestConfigurations(TestRunner.java:637)
at org.testng.TestRunner.beforeRun(TestRunner.java:627)
at org.testng.TestRunner.run(TestRunner.java:589)
at org.testng.SuiteRunner.runTest(SuiteRunner.java:377)
at org.testng.SuiteRunner.runSequentially(SuiteRunner.java:371)
at org.testng.SuiteRunner.privateRun(SuiteRunner.java:332)
at org.testng.SuiteRunner.run(SuiteRunner.java:276)
at org.testng.SuiteRunnerWorker.runSuite(SuiteRunnerWorker.java:53)
at org.testng.SuiteRunnerWorker.run(SuiteRunnerWorker.java:96)
at org.testng.TestNG.runSuitesSequentially(TestNG.java:1212)
at org.testng.TestNG.runSuitesLocally(TestNG.java:1134)
at org.testng.TestNG.runSuites(TestNG.java:1063)
at org.testng.TestNG.run(TestNG.java:1031)
at org.testng.remote.AbstractRemoteTestNG.run(AbstractRemoteTestNG.java:115)
at org.testng.remote.RemoteTestNG.initAndRun(RemoteTestNG.java:251)
at org.testng.remote.RemoteTestNG.main(RemoteTestNG.java:77)
]]>
    </error>
  </testcase> <!-- beforeTest -->
  <system-out/>
  <testcase classname="test.TestClass123" name="testB" time="0.003"/>
  <system-out/>
  <testcase classname="test.TestClass123" name="testB" time="0.000">
    <skipped/>
  </testcase> <!-- testB -->
  <system-out/>
  <testcase classname="test.TestClass123" name="testC" time="0.000">
    <skipped/>
  </testcase> <!-- testC -->
  <system-out/>
</testsuite> <!-- test.TestClass123 -->
