<?xml version="1.0" encoding="UTF-8"?>
<!-- Generated by org.testng.reporters.JUnitXMLReporter -->
<testsuite ignored="0" hostname="TOSHIBA-PC" failures="0" tests="3" name="Test2" time="0.068" errors="0" timestamp="2022-02-13T01:39:57 IST">
  <testcase classname="test.TestClass123" name="@BeforeTest beforeTest" time="-1.644696596945E9">
    <failure type="org.testng.TestNGException" message="
Parameter &amp;apos;testData&amp;apos; is required by BeforeTest on method beforeTest but has not been marked @Optional or defined
in C:\Users\TOSHIBA\eclipse-workspace\ActiTimeWebApplication\regressionsuite.xml">
      <![CDATA[org.testng.TestNGException: 
Parameter 'testData' is required by BeforeTest on method beforeTest but has not been marked @Optional or defined
in C:\Users\TOSHIBA\eclipse-workspace\ActiTimeWebApplication\regressionsuite.xml
... Removed 21 stack frames]]>
    </failure>
  </testcase> <!-- @BeforeTest beforeTest -->
  <testcase classname="test.TestClass123" name="@BeforeClass beforeClass" time="-1.644696596961E9">
    <skipped/>
  </testcase> <!-- @BeforeClass beforeClass -->
  <testcase classname="test.TestClass123" name="@BeforeMethod beforeMethod" time="-1.644696596965E9">
    <skipped/>
  </testcase> <!-- @BeforeMethod beforeMethod -->
  <testcase classname="test.TestClass123" name="@AfterMethod afterMethod" time="-1.644696596977E9">
    <skipped/>
  </testcase> <!-- @AfterMethod afterMethod -->
  <testcase classname="test.TestClass123" name="@BeforeMethod beforeMethod" time="-1.64469659698E9">
    <skipped/>
  </testcase> <!-- @BeforeMethod beforeMethod -->
  <testcase classname="test.TestClass123" name="@AfterMethod afterMethod" time="-1.644696596987E9">
    <skipped/>
  </testcase> <!-- @AfterMethod afterMethod -->
  <testcase classname="test.TestClass123" name="@BeforeMethod beforeMethod" time="-1.644696596993E9">
    <skipped/>
  </testcase> <!-- @BeforeMethod beforeMethod -->
  <testcase classname="test.TestClass123" name="@AfterMethod afterMethod" time="-1.644696597003E9">
    <skipped/>
  </testcase> <!-- @AfterMethod afterMethod -->
  <testcase classname="test.TestClass123" name="@AfterClass afterClass" time="-1.644696597007E9">
    <skipped/>
  </testcase> <!-- @AfterClass afterClass -->
  <testcase classname="test.TestClass123" name="@AfterTest afterTest" time="-1.644696597009E9">
    <skipped/>
  </testcase> <!-- @AfterTest afterTest -->
  <testcase classname="test.TestClass123" name="testA" time="0.0">
    <skipped/>
  </testcase> <!-- testA -->
  <testcase classname="test.TestClass123" name="testB" time="0.0">
    <skipped/>
  </testcase> <!-- testB -->
  <testcase classname="test.TestClass123" name="testC" time="0.0">
    <skipped/>
  </testcase> <!-- testC -->
</testsuite> <!-- Test2 -->
